Test file for module ``3-say_my_name´´
======================================

Importing ``say_my_name´´ from ``3-say_my_name´´
------------------------------------------------
	>>> say_my_name = __import__("3-say_my_name").say_my_name

Test Cases:
	>>> say_my_name(2, "Acquah")
	Traceback (most recent call last):
		...
	TypeError: first_name must be a string
	>>> say_my_name("Kingsley", 3)
	Traceback (most recent call last):
		...
	TypeError: last_name must be a string
	>>> say_my_name()
	Traceback (most recent call last):
		...
	TypeError: say_my_name() missing 1 required positional argument: 'first_name'
	>>> say_my_name("King")
	My name is King 
	>>> say_my_name("Kingsley", "Acquah")
	My name is Kingsley Acquah
